app/build/intermediates/manifest_merge_blame_file/debug/manifest-merger-blame-debug-report.txt
1<?xml version="1.0" encoding="utf-8"?>
2<manifest xmlns:android="http://schemas.android.com/apk/res/android"
3    package="com.application.app"
4    android:versionCode="1"
5    android:versionName="1.0" >
6
7    <uses-sdk
8        android:minSdkVersion="23"
8-->src/main/AndroidManifest.xml
9        android:targetSdkVersion="31" />
9-->src/main/AndroidManifest.xml
10
11    <uses-permission android:name="android.permission.INTERNET" />
11-->src/main/AndroidManifest.xml:3:5-66
11-->src/main/AndroidManifest.xml:3:22-64
12    <uses-permission android:name="android.permission.ACCESS_NETWORK_STATE" />
12-->src/main/AndroidManifest.xml:4:5-78
12-->src/main/AndroidManifest.xml:4:22-76
13
14    <application
14-->src/main/AndroidManifest.xml:5:5-32:19
15        android:name="com.application.app.appcomponents.di.MyApp"
15-->src/main/AndroidManifest.xml:8:9-66
16        android:allowBackup="false"
16-->src/main/AndroidManifest.xml:5:18-45
17        android:appComponentFactory="androidx.core.app.CoreComponentFactory"
17-->[androidx.core:core:1.6.0] AndroidManifest.xml:24:18-86
18        android:debuggable="true"
19        android:extractNativeLibs="false"
20        android:icon="@mipmap/ic_launcher"
20-->src/main/AndroidManifest.xml:6:9-43
21        android:label="@string/app_name"
21-->src/main/AndroidManifest.xml:7:9-41
22        android:largeHeap="true"
22-->src/main/AndroidManifest.xml:7:42-66
23        android:roundIcon="@mipmap/ic_launcher_round"
23-->src/main/AndroidManifest.xml:9:9-54
24        android:supportsRtl="true"
24-->src/main/AndroidManifest.xml:10:9-35
25        android:testOnly="true"
26        android:theme="@style/Theme.MyApp"
26-->src/main/AndroidManifest.xml:10:36-70
27        android:usesCleartextTraffic="true" >
27-->src/main/AndroidManifest.xml:10:71-106
28        <activity
28-->src/main/AndroidManifest.xml:11:9-12:135
29            android:name="com.application.app.modules.pilihkonsultan.ui.PilihKonsultanActivity"
29-->src/main/AndroidManifest.xml:12:13-96
30            android:screenOrientation="portrait" />
30-->src/main/AndroidManifest.xml:12:97-133
31        <activity
31-->src/main/AndroidManifest.xml:13:9-14:153
32            android:name="com.application.app.modules.indexfiturkarirplanning.ui.IndexFiturKarirPlanningActivity"
32-->src/main/AndroidManifest.xml:14:13-114
33            android:screenOrientation="portrait" />
33-->src/main/AndroidManifest.xml:14:115-151
34        <activity
34-->src/main/AndroidManifest.xml:15:9-21:20
35            android:name="com.application.app.modules.splashscreen2.ui.SplashScreen2Activity"
35-->src/main/AndroidManifest.xml:16:13-94
36            android:exported="true"
36-->src/main/AndroidManifest.xml:15:19-42
37            android:screenOrientation="portrait" >
37-->src/main/AndroidManifest.xml:16:95-131
38            <intent-filter>
38-->src/main/AndroidManifest.xml:17:13-20:29
39                <action android:name="android.intent.action.MAIN" />
39-->src/main/AndroidManifest.xml:18:17-68
39-->src/main/AndroidManifest.xml:18:25-66
40
41                <category android:name="android.intent.category.LAUNCHER" />
41-->src/main/AndroidManifest.xml:19:17-76
41-->src/main/AndroidManifest.xml:19:27-74
42            </intent-filter>
43        </activity>
44        <activity
44-->src/main/AndroidManifest.xml:22:9-23:133
45            android:name="com.application.app.modules.splashscreen3.ui.SplashScreen3Activity"
45-->src/main/AndroidManifest.xml:23:13-94
46            android:screenOrientation="portrait" />
46-->src/main/AndroidManifest.xml:23:95-131
47        <activity
47-->src/main/AndroidManifest.xml:24:9-25:131
48            android:name="com.application.app.modules.splashscreen.ui.SplashScreenActivity"
48-->src/main/AndroidManifest.xml:25:13-92
49            android:screenOrientation="portrait" />
49-->src/main/AndroidManifest.xml:25:93-129
50        <activity
50-->src/main/AndroidManifest.xml:26:9-27:143
51            android:name="com.application.app.modules.indexhistoryscreen.ui.IndexHistoryScreenActivity"
51-->src/main/AndroidManifest.xml:27:13-104
52            android:screenOrientation="portrait" />
52-->src/main/AndroidManifest.xml:27:105-141
53        <activity
53-->src/main/AndroidManifest.xml:28:9-29:137
54            android:name="com.application.app.modules.indexshopscreen.ui.IndexShopScreenActivity"
54-->src/main/AndroidManifest.xml:29:13-98
55            android:screenOrientation="portrait" />
55-->src/main/AndroidManifest.xml:29:99-135
56        <activity
56-->src/main/AndroidManifest.xml:30:9-31:137
57            android:name="com.application.app.modules.indexhomescreen.ui.IndexHomeScreenActivity"
57-->src/main/AndroidManifest.xml:31:13-98
58            android:screenOrientation="portrait" />
58-->src/main/AndroidManifest.xml:31:99-135
59        <activity android:name="com.vmadalin.easypermissions.components.TestActivity" />
59-->[com.vmadalin:easypermissions-ktx:0.1.0] AndroidManifest.xml:11:9-89
59-->[com.vmadalin:easypermissions-ktx:0.1.0] AndroidManifest.xml:11:19-86
60        <activity android:name="com.vmadalin.easypermissions.components.TestAppCompatActivity" />
60-->[com.vmadalin:easypermissions-ktx:0.1.0] AndroidManifest.xml:12:9-98
60-->[com.vmadalin:easypermissions-ktx:0.1.0] AndroidManifest.xml:12:19-95
61        <activity android:name="com.vmadalin.easypermissions.components.TestSupportFragmentActivity" />
61-->[com.vmadalin:easypermissions-ktx:0.1.0] AndroidManifest.xml:13:9-104
61-->[com.vmadalin:easypermissions-ktx:0.1.0] AndroidManifest.xml:13:19-101
62
63        <provider
63-->[androidx.lifecycle:lifecycle-process:2.2.0] AndroidManifest.xml:25:9-29:43
64            android:name="androidx.lifecycle.ProcessLifecycleOwnerInitializer"
64-->[androidx.lifecycle:lifecycle-process:2.2.0] AndroidManifest.xml:26:13-79
65            android:authorities="com.application.app.lifecycle-process"
65-->[androidx.lifecycle:lifecycle-process:2.2.0] AndroidManifest.xml:27:13-69
66            android:exported="false"
66-->[androidx.lifecycle:lifecycle-process:2.2.0] AndroidManifest.xml:28:13-37
67            android:multiprocess="true" />
67-->[androidx.lifecycle:lifecycle-process:2.2.0] AndroidManifest.xml:29:13-40
68    </application>
69
70</manifest>